d:\program\c++_code\remote_control\remote_control\remote_control\x64\debug\remote_control.pch
d:\program\c++_code\remote_control\remote_control\remote_control\x64\debug\vc143.pdb
d:\program\c++_code\remote_control\remote_control\remote_control\x64\debug\vc143.idb
d:\program\c++_code\remote_control\remote_control\remote_control\x64\debug\pch.obj
d:\program\c++_code\remote_control\remote_control\remote_control\x64\debug\remote_control.obj
d:\program\c++_code\remote_control\remote_control\x64\debug\remote_control.exe
d:\program\c++_code\remote_control\remote_control\x64\debug\remote_control.pdb
d:\program\c++_code\remote_control\remote_control\remote_control\x64\debug\remote_control.res
d:\program\c++_code\remote_control\remote_control\remote_control\x64\debug\remote_control.ilk
d:\program\c++_code\remote_control\remote_control\remote_control\x64\debug\remote_control.tlog\cl.command.1.tlog
d:\program\c++_code\remote_control\remote_control\remote_control\x64\debug\remote_control.tlog\cl.items.tlog
d:\program\c++_code\remote_control\remote_control\remote_control\x64\debug\remote_control.tlog\cl.read.1.tlog
d:\program\c++_code\remote_control\remote_control\remote_control\x64\debug\remote_control.tlog\cl.write.1.tlog
d:\program\c++_code\remote_control\remote_control\remote_control\x64\debug\remote_control.tlog\link.command.1.tlog
d:\program\c++_code\remote_control\remote_control\remote_control\x64\debug\remote_control.tlog\link.read.1.tlog
d:\program\c++_code\remote_control\remote_control\remote_control\x64\debug\remote_control.tlog\link.secondary.1.tlog
d:\program\c++_code\remote_control\remote_control\remote_control\x64\debug\remote_control.tlog\link.write.1.tlog
d:\program\c++_code\remote_control\remote_control\remote_control\x64\debug\remote_control.tlog\rc.command.1.tlog
d:\program\c++_code\remote_control\remote_control\remote_control\x64\debug\remote_control.tlog\rc.read.1.tlog
d:\program\c++_code\remote_control\remote_control\remote_control\x64\debug\remote_control.tlog\rc.write.1.tlog
