d:\program\c++_code\remote_control\remote_control\remote_client\x64\debug\remote_client.pch
d:\program\c++_code\remote_control\remote_control\remote_client\x64\debug\vc143.pdb
d:\program\c++_code\remote_control\remote_control\remote_client\x64\debug\vc143.idb
d:\program\c++_code\remote_control\remote_control\remote_client\x64\debug\pch.obj
d:\program\c++_code\remote_control\remote_control\remote_client\x64\debug\remote_clientdlg.obj
d:\program\c++_code\remote_control\remote_control\remote_client\x64\debug\remote_client.obj
d:\program\c++_code\remote_control\remote_control\x64\debug\remote_client.exe
d:\program\c++_code\remote_control\remote_control\x64\debug\remote_client.pdb
d:\program\c++_code\remote_control\remote_control\remote_client\x64\debug\remoteclient.res
d:\program\c++_code\remote_control\remote_control\remote_client\x64\debug\remote_client.ilk
d:\program\c++_code\remote_control\remote_control\remote_client\x64\debug\remote_client.tlog\cl.command.1.tlog
d:\program\c++_code\remote_control\remote_control\remote_client\x64\debug\remote_client.tlog\cl.items.tlog
d:\program\c++_code\remote_control\remote_control\remote_client\x64\debug\remote_client.tlog\cl.read.1.tlog
d:\program\c++_code\remote_control\remote_control\remote_client\x64\debug\remote_client.tlog\cl.write.1.tlog
d:\program\c++_code\remote_control\remote_control\remote_client\x64\debug\remote_client.tlog\link.command.1.tlog
d:\program\c++_code\remote_control\remote_control\remote_client\x64\debug\remote_client.tlog\link.read.1.tlog
d:\program\c++_code\remote_control\remote_control\remote_client\x64\debug\remote_client.tlog\link.secondary.1.tlog
d:\program\c++_code\remote_control\remote_control\remote_client\x64\debug\remote_client.tlog\link.write.1.tlog
d:\program\c++_code\remote_control\remote_control\remote_client\x64\debug\remote_client.tlog\rc.command.1.tlog
d:\program\c++_code\remote_control\remote_control\remote_client\x64\debug\remote_client.tlog\rc.read.1.tlog
d:\program\c++_code\remote_control\remote_control\remote_client\x64\debug\remote_client.tlog\rc.write.1.tlog
